# JRE version: Java(TM) SE Runtime Environment (7.0_71-b14) (build 1.7.0_71-b14)
# Java VM: Java HotSpot(TM) Client VM (24.71-b01 mixed mode windows-x86 )
Heap
 par new generation   total 39296K, used 21891K [0x05200000, 0x07ca0000, 0x07ca0000)
  eden space 34944K,  58% used [0x05200000, 0x06614f00, 0x07420000)
  from space 4352K,  30% used [0x07420000, 0x0756bd40, 0x07860000)
  to   space 4352K,   0% used [0x07860000, 0x07860000, 0x07ca0000)
 concurrent mark-sweep generation total 39744K, used 19277K [0x07ca0000, 0x0a370000, 0x0d200000)
 concurrent-mark-sweep perm gen total 65536K, used 45764K [0x0d200000, 0x11200000, 0x11200000)
GC Heap History (10 events):
Event: 691.762 GC heap before
{Heap before GC invocations=29 (full 10):
 par new generation   total 39296K, used 35743K [0x05200000, 0x07ca0000, 0x07ca0000)
  eden space 34944K, 100% used [0x05200000, 0x07420000, 0x07420000)
  from space 4352K,  18% used [0x07860000, 0x07927fc0, 0x07ca0000)
  to   space 4352K,   0% used [0x07420000, 0x07420000, 0x07860000)
 concurrent mark-sweep generation total 39744K, used 18421K [0x07ca0000, 0x0a370000, 0x0d200000)
 concurrent-mark-sweep perm gen total 65536K, used 45057K [0x0d200000, 0x11200000, 0x11200000)
Event: 691.763 GC heap after
Heap after GC invocations=30 (full 10):
 par new generation   total 39296K, used 1169K [0x05200000, 0x07ca0000, 0x07ca0000)
  eden space 34944K,   0% used [0x05200000, 0x05200000, 0x07420000)
  from space 4352K,  26% used [0x07420000, 0x07544798, 0x07860000)
  to   space 4352K,   0% used [0x07860000, 0x07860000, 0x07ca0000)
 concurrent mark-sweep generation total 39744K, used 18421K [0x07ca0000, 0x0a370000, 0x0d200000)
 concurrent-mark-sweep perm gen total 65536K, used 45057K [0x0d200000, 0x11200000, 0x11200000)
}
Event: 691.869 GC heap before
{Heap before GC invocations=30 (full 10):
 par new generation   total 39296K, used 36113K [0x05200000, 0x07ca0000, 0x07ca0000)
  eden space 34944K, 100% used [0x05200000, 0x07420000, 0x07420000)
  from space 4352K,  26% used [0x07420000, 0x07544798, 0x07860000)
  to   space 4352K,   0% used [0x07860000, 0x07860000, 0x07ca0000)
 concurrent mark-sweep generation total 39744K, used 18421K [0x07ca0000, 0x0a370000, 0x0d200000)
 concurrent-mark-sweep perm gen total 65536K, used 45057K [0x0d200000, 0x11200000, 0x11200000)
Event: 691.870 GC heap after
Heap after GC invocations=31 (full 10):
 par new generation   total 39296K, used 987K [0x05200000, 0x07ca0000, 0x07ca0000)
  eden space 34944K,   0% used [0x05200000, 0x05200000, 0x07420000)
  from space 4352K,  22% used [0x07860000, 0x07956e98, 0x07ca0000)
  to   space 4352K,   0% used [0x07420000, 0x07420000, 0x07860000)
 concurrent mark-sweep generation total 39744K, used 18421K [0x07ca0000, 0x0a370000, 0x0d200000)
 concurrent-mark-sweep perm gen total 65536K, used 45057K [0x0d200000, 0x11200000, 0x11200000)
}
Event: 692.025 GC heap before
{Heap before GC invocations=31 (full 10):
 par new generation   total 39296K, used 35931K [0x05200000, 0x07ca0000, 0x07ca0000)
  eden space 34944K, 100% used [0x05200000, 0x07420000, 0x07420000)
  from space 4352K,  22% used [0x07860000, 0x07956e98, 0x07ca0000)
  to   space 4352K,   0% used [0x07420000, 0x07420000, 0x07860000)
 concurrent mark-sweep generation total 39744K, used 18421K [0x07ca0000, 0x0a370000, 0x0d200000)
 concurrent-mark-sweep perm gen total 65536K, used 45057K [0x0d200000, 0x11200000, 0x11200000)
Event: 692.028 GC heap after
Heap after GC invocations=32 (full 10):
 par new generation   total 39296K, used 3852K [0x05200000, 0x07ca0000, 0x07ca0000)
  eden space 34944K,   0% used [0x05200000, 0x05200000, 0x07420000)
  from space 4352K,  88% used [0x07420000, 0x077e31c8, 0x07860000)
  to   space 4352K,   0% used [0x07860000, 0x07860000, 0x07ca0000)
 concurrent mark-sweep generation total 39744K, used 18421K [0x07ca0000, 0x0a370000, 0x0d200000)
 concurrent-mark-sweep perm gen total 65536K, used 45057K [0x0d200000, 0x11200000, 0x11200000)
}
Event: 692.475 GC heap before
{Heap before GC invocations=32 (full 10):
 par new generation   total 39296K, used 38796K [0x05200000, 0x07ca0000, 0x07ca0000)
  eden space 34944K, 100% used [0x05200000, 0x07420000, 0x07420000)
  from space 4352K,  88% used [0x07420000, 0x077e31c8, 0x07860000)
  to   space 4352K,   0% used [0x07860000, 0x07860000, 0x07ca0000)
 concurrent mark-sweep generation total 39744K, used 18421K [0x07ca0000, 0x0a370000, 0x0d200000)
 concurrent-mark-sweep perm gen total 65536K, used 45101K [0x0d200000, 0x11200000, 0x11200000)
Event: 692.476 GC heap after
Heap after GC invocations=33 (full 10):
 par new generation   total 39296K, used 2373K [0x05200000, 0x07ca0000, 0x07ca0000)
  eden space 34944K,   0% used [0x05200000, 0x05200000, 0x07420000)
  from space 4352K,  54% used [0x07860000, 0x07ab1678, 0x07ca0000)
  to   space 4352K,   0% used [0x07420000, 0x07420000, 0x07860000)
 concurrent mark-sweep generation total 39744K, used 19277K [0x07ca0000, 0x0a370000, 0x0d200000)
 concurrent-mark-sweep perm gen total 65536K, used 45101K [0x0d200000, 0x11200000, 0x11200000)
}
Event: 739.105 GC heap before
{Heap before GC invocations=33 (full 10):
 par new generation   total 39296K, used 37317K [0x05200000, 0x07ca0000, 0x07ca0000)
  eden space 34944K, 100% used [0x05200000, 0x07420000, 0x07420000)
  from space 4352K,  54% used [0x07860000, 0x07ab1678, 0x07ca0000)
  to   space 4352K,   0% used [0x07420000, 0x07420000, 0x07860000)
 concurrent mark-sweep generation total 39744K, used 19277K [0x07ca0000, 0x0a370000, 0x0d200000)
 concurrent-mark-sweep perm gen total 65536K, used 45363K [0x0d200000, 0x11200000, 0x11200000)
Event: 739.106 GC heap after
Heap after GC invocations=34 (full 10):
 par new generation   total 39296K, used 1327K [0x05200000, 0x07ca0000, 0x07ca0000)
  eden space 34944K,   0% used [0x05200000, 0x05200000, 0x07420000)
  from space 4352K,  30% used [0x07420000, 0x0756bd40, 0x07860000)
  to   space 4352K,   0% used [0x07860000, 0x07860000, 0x07ca0000)
 concurrent mark-sweep generation total 39744K, used 19277K [0x07ca0000, 0x0a370000, 0x0d200000)
 concurrent-mark-sweep perm gen total 65536K, used 45363K [0x0d200000, 0x11200000, 0x11200000)
}

